2024-05-08T11:10:03.464365481:Opened filelog queries.log
2024-05-08T11:10:07.958757601:Accesdb.lligtaula(Dinosaurio) ->SELECT * FROM Dinosaurio
2024-05-08T11:10:07.988393362:Accesdb.lligtaula(Zona) ->SELECT * FROM Zona
2024-05-08T11:10:33.962917283:Accesdb.lligtaula(Atraccion) ->SELECT * FROM Atraccion
2024-05-08T11:10:33.987089204:Accesdb.agrega(..) INSERT INTO Atraccion (id_atraccion,id_zona,nombre,capacidad,edad_minima) VALUES (23,2,'Atracdino',15,0);
2024-05-08T11:11:14.296418334:Accesdb.agrega(..) INSERT INTO Atraccion (id_atraccion,id_zona,id_dino,nombre,capacidad,edad_minima) VALUES (24,1,null,'Cosiqui',78,12);
2024-05-08T11:13:03.200933105:Opened filelog queries.log
2024-05-08T11:13:09.545861585:Accesdb.lligtaula(Dinosaurio) ->SELECT * FROM Dinosaurio
2024-05-08T11:13:09.568113557:Accesdb.lligtaula(Zona) ->SELECT * FROM Zona
2024-05-08T11:13:36.555135984:Accesdb.lligtaula(Atraccion) ->SELECT * FROM Atraccion
2024-05-08T11:13:36.574941736:Accesdb.agrega(..) INSERT INTO Atraccion (id_atraccion,id_zona,id_dino,nombre,capacidad,edad_minima) VALUES (25,1,null,'CosicaBUs',15,3);
2024-05-08T11:14:54.864218465:Accesdb.agrega(..) INSERT INTO Atraccion (id_atraccion,id_zona,id_dino,nombre,capacidad,edad_minima) VALUES (26,1,null,'pepetraccion',1,18);
2024-05-08T11:22:53.815022597:Accesdb.agrega(..) INSERT INTO Atraccion (id_atraccion,id_zona,id_dino,nombre,capacidad,edad_minima) VALUES (27,2,1,'poi',1,1);
2024-05-08T11:24:17.295229826:Accesdb.agrega(..) INSERT INTO Atraccion (id_atraccion,id_zona,nombre,capacidad,edad_minima) VALUES (28,1,'o',11,2);
2024-05-08T11:24:57.872971363:Accesdb.agrega(..) INSERT INTO Atraccion (id_atraccion,id_zona,nombre,capacidad,edad_minima) VALUES (29,1,'dinono',1,1);
2024-05-08T11:25:25.326494639:Accesdb.agrega(..) INSERT INTO Atraccion (id_atraccion,id_zona,nombre,capacidad,edad_minima) VALUES (30,3,'npos',5,2);
2024-05-08T11:25:48.825709231:Accesdb.agrega(..) INSERT INTO Atraccion (id_atraccion,id_zona,id_dino,nombre,capacidad,edad_minima) VALUES (31,2,1,'oks',1,2);
2024-05-08T11:26:29.691327223:Accesdb.agrega(..) INSERT INTO Atraccion (id_atraccion,id_zona,nombre,capacidad,edad_minima) VALUES (32,2,'otrakosika',25,1);
2024-05-08T11:50:29.428518551:Opened filelog queries.log
2024-05-08T11:50:35.259024058:Accesdb.lligtaula(Dinosaurio) ->SELECT * FROM Dinosaurio
2024-05-08T12:04:37.788363301:Opened filelog queries.log
2024-05-08T12:04:40.211039170:Accesdb.lligtaula(Dinosaurio) ->SELECT * FROM Dinosaurio
2024-05-08T12:06:23.179829061:Opened filelog queries.log
2024-05-08T12:06:25.187827412:Accesdb.lligtaula(Dinosaurio) ->SELECT * FROM Dinosaurio
2024-05-08T12:14:21.161622895:Opened filelog queries.log
2024-05-08T12:14:23.220178082:Accesdb.lligtaula(Dinosaurio) ->SELECT * FROM Dinosaurio
2024-05-08T12:19:13.413328214:Opened filelog queries.log
2024-05-08T12:19:15.279047032:Accesdb.lligtaula(Dinosaurio) ->SELECT * FROM Dinosaurio
2024-05-08T12:22:48.614835668:Opened filelog queries.log
2024-05-08T12:22:50.637827459:Accesdb.lligtaula(Dinosaurio) ->SELECT * FROM Dinosaurio
2024-05-08T12:28:11.713645569:Opened filelog queries.log
2024-05-08T12:28:13.768549640:Accesdb.lligtaula(Dinosaurio) ->SELECT * FROM Dinosaurio
2024-05-08T12:31:23.411725627:Opened filelog queries.log
2024-05-08T12:31:27.124343688:Accesdb.lligtaula(Dinosaurio) ->SELECT * FROM Dinosaurio
2024-05-08T12:35:11.793591480:Opened filelog queries.log
2024-05-08T12:35:14.093270529:Accesdb.lligtaula(Dinosaurio) ->SELECT * FROM Dinosaurio
2024-05-08T12:45:54.784367508:Opened filelog queries.log
2024-05-08T12:49:28.619283887:Opened filelog queries.log
2024-05-08T13:25:41.501041004:Opened filelog queries.log
2024-05-08T13:25:43.547998657:Accesdb.lligtaula(Dinosaurio) ->SELECT * FROM Dinosaurio
2024-05-08T13:27:38.853659909:Opened filelog queries.log
2024-05-08T13:32:50.216626106:Opened filelog queries.log
2024-05-08T13:34:59.272325965:Opened filelog queries.log
2024-05-08T13:39:04.423279432:Opened filelog queries.log
2024-05-08T13:39:06.496881017:Accesdb.lligtaula(Dinosaurio) ->SELECT * FROM Dinosaurio
2024-05-08T13:39:44.698900166:Opened filelog queries.log
2024-05-08T13:39:47.277867451:Accesdb.lligtaula(Dinosaurio) ->SELECT * FROM Dinosaurio
2024-05-08T13:52:59.005151731:Opened filelog queries.log
2024-05-08T13:53:00.966580796:Accesdb.lligtaula(Dinosaurio) ->SELECT * FROM Dinosaurio
2024-05-08T13:54:52.814806423:Accesdb.lligtaula(Zona) ->SELECT * FROM Zona
2024-05-08T13:55:02.161763731:Opened filelog queries.log
2024-05-08T13:55:04.287582303:Accesdb.lligtaula(Dinosaurio) ->SELECT * FROM Dinosaurio
2024-05-08T13:56:42.548800625:Opened filelog queries.log
2024-05-08T13:56:44.712597027:Accesdb.lligtaula(Dinosaurio) ->SELECT * FROM Dinosaurio
2024-05-08T14:01:31.624644855:Opened filelog queries.log
2024-05-08T14:01:33.721652817:Accesdb.lligtaula(Dinosaurio) ->SELECT * FROM Dinosaurio
2024-05-08T14:04:45.852804836:Opened filelog queries.log
2024-05-08T14:04:48.411579413:Accesdb.lligtaula(Dinosaurio) ->SELECT * FROM Dinosaurio
2024-05-08T14:04:48.436195509:Accesdb.lligtaula(Zona) ->SELECT * FROM Zona
2024-05-08T14:08:55.234102671:Opened filelog queries.log
2024-05-08T14:08:58.805672787:Accesdb.lligtaula(Dinosaurio) ->SELECT * FROM Dinosaurio
2024-05-08T14:11:21.504087711:Opened filelog queries.log
2024-05-08T14:11:23.615002745:Accesdb.lligtaula(Dinosaurio) ->SELECT * FROM Dinosaurio
2024-05-08T14:15:20.964477359:Opened filelog queries.log
2024-05-08T14:15:23.163284612:Accesdb.lligtaula(Dinosaurio) ->SELECT * FROM Dinosaurio
2024-05-08T14:22:07.564574067:Opened filelog queries.log
2024-05-08T14:22:09.697317326:Accesdb.lligtaula(Dinosaurio) ->SELECT * FROM Dinosaurio
2024-05-09T14:49:19.089343808:Opened filelog queries.log
2024-05-09T14:49:22.339028087:Accesdb.lligtaula(Dinosaurio) ->SELECT * FROM Dinosaurio
2024-05-10T09:52:46.662558204:Opened filelog queries.log
2024-05-10T09:52:49.135736160:Accesdb.lligtaula(Dinosaurio) ->SELECT * FROM Dinosaurio
2024-05-10T09:52:49.166135522:Accesdb.lligtaula(Zona) ->SELECT * FROM Zona
2024-05-10T09:53:15.544066648:Accesdb.lligtaula(Atraccion) ->SELECT * FROM Atraccion
2024-05-10T09:53:15.564488078:Accesdb.agrega(..) INSERT INTO Atraccion (id_atraccion,id_zona,id_dino,nombre,capacidad,edad_minima) VALUES (33,2,null,'Atracatren',25,0);
2024-05-10T10:19:21.433289835:Opened filelog queries.log
2024-05-10T10:19:24.354771323:Accesdb.lligtaula(Dinosaurio) ->SELECT * FROM Dinosaurio
2024-05-10T10:27:47.062398236:Opened filelog queries.log
2024-05-10T10:27:49.248555689:Accesdb.lligtaula(Dinosaurio) ->SELECT * FROM Dinosaurio
2024-05-10T10:44:26.251542447:Opened filelog queries.log
2024-05-10T10:44:28.552920585:Accesdb.lligtaula(Dinosaurio) ->SELECT * FROM Dinosaurio
2024-05-10T10:46:15.143764045:Opened filelog queries.log
2024-05-10T10:46:17.216778884:Accesdb.lligtaula(Dinosaurio) ->SELECT * FROM Dinosaurio
2024-05-10T10:54:28.849310277:Opened filelog queries.log
2024-05-10T10:54:31.062414653:Accesdb.lligtaula(Dinosaurio) ->SELECT * FROM Dinosaurio
2024-05-10T10:55:44.656423905:Opened filelog queries.log
2024-05-10T10:55:46.948830238:Accesdb.lligtaula(Dinosaurio) ->SELECT * FROM Dinosaurio
2024-05-10T10:58:28.861668918:Opened filelog queries.log
2024-05-10T10:58:31.036233871:Accesdb.lligtaula(Dinosaurio) ->SELECT * FROM Dinosaurio
2024-05-10T11:03:00.057285549:Opened filelog queries.log
2024-05-10T11:03:02.329680980:Accesdb.lligtaula(Dinosaurio) ->SELECT * FROM Dinosaurio
2024-05-10T11:04:06.821305373:Accesdb.lligtaula(Zona) ->SELECT * FROM Zona
2024-05-10T11:04:06.837622673:Accesdb.lligtaula(Atraccion) ->SELECT * FROM Atraccion
2024-05-10T11:05:04.693237757:Accesdb.agrega(..) INSERT INTO Atraccion (id_atraccion,id_zona,id_dino,nombre,capacidad,edad_minima) VALUES (34,1,null,'PaleaTron',55,10);
2024-05-10T11:20:44.762197327:Opened filelog queries.log
2024-05-10T11:20:48.032286856:Accesdb.lligtaula(Dinosaurio) ->SELECT * FROM Dinosaurio
2024-05-10T11:20:48.059126202:Accesdb.lligtaula(Zona) ->SELECT * FROM Zona
2024-05-10T11:21:20.467904282:Accesdb.lligtaula(Atraccion) ->SELECT * FROM Atraccion
2024-05-10T11:21:20.488631760:Accesdb.agrega(..) INSERT INTO Atraccion (id_atraccion,id_zona,id_dino,nombre,capacidad,edad_minima) VALUES (35,2,null,'Chifijo',9,14);
2024-05-10T11:36:03.910323110:Opened filelog queries.log
2024-05-10T11:36:06.619100927:Accesdb.lligtaula(Dinosaurio) ->SELECT * FROM Dinosaurio
2024-05-10T11:46:11.968883419:Accesdb.lligtaula(Zona) ->SELECT * FROM Zona
2024-05-10T11:51:36.611529537:Accesdb.lligtaula(Atraccion) ->SELECT * FROM Atraccion
2024-05-10T11:51:36.630784753:Accesdb.agrega(..) INSERT INTO Atraccion (id_atraccion,id_zona,id_dino,nombre,capacidad,edad_minima) VALUES (36,2,null,'Dinobus',10,5);
2024-05-10T11:56:07.010355898:Opened filelog queries.log
2024-05-10T11:57:02.121756946:Accesdb.lligtaula(Zona) ->SELECT * FROM Zona
2024-05-10T11:57:02.143736546:Accesdb.lligtaula(Atraccion) ->SELECT * FROM Atraccion
2024-05-10T11:57:02.159150208:Accesdb.lligtaula(Dinosaurio) ->SELECT * FROM Dinosaurio
2024-05-10T11:58:13.963564715:Opened filelog queries.log
2024-05-10T11:59:31.948870355:Accesdb.lligtaula(Zona) ->SELECT * FROM Zona
2024-05-10T11:59:31.979194556:Accesdb.lligtaula(Atraccion) ->SELECT * FROM Atraccion
2024-05-10T11:59:31.996577591:Accesdb.lligtaula(Dinosaurio) ->SELECT * FROM Dinosaurio
